0 info it worked if it ends with ok
1 verbose cli [ 'D:\\software\\nodejs\\node.exe',
1 verbose cli   'D:\\software\\nodejs\\node_modules\\npm\\bin\\npm-cli.js',
1 verbose cli   'run-script',
1 verbose cli   'dev' ]
2 info using npm@3.8.9
3 info using node@v6.2.0
4 verbose run-script [ 'predev', 'dev', 'postdev' ]
5 info lifecycle personal-UI@0.0.1~predev: personal-UI@0.0.1
6 silly lifecycle personal-UI@0.0.1~predev: no script for predev, continuing
7 info lifecycle personal-UI@0.0.1~dev: personal-UI@0.0.1
8 verbose lifecycle personal-UI@0.0.1~dev: unsafe-perm in lifecycle true
9 verbose lifecycle personal-UI@0.0.1~dev: PATH: D:\software\nodejs\node_modules\npm\bin\node-gyp-bin;E:\NodeJsWorkspace\git\personal-UI\node_modules\.bin;D:\software\nodejs;C:\Program Files (x86)\Intel\iCLS Client\;C:\Program Files\Intel\iCLS Client\;C:\Windows\system32;C:\Windows;C:\Windows\System32\Wbem;C:\Windows\System32\WindowsPowerShell\v1.0\;C:\Program Files (x86)\Intel\Intel(R) Management Engine Components\DAL;C:\Program Files\Intel\Intel(R) Management Engine Components\DAL;C:\Program Files (x86)\Intel\Intel(R) Management Engine Components\IPT;C:\Program Files\Intel\Intel(R) Management Engine Components\IPT;C:\Program Files\Intel\WiFi\bin\;C:\Program Files\Common Files\Intel\WirelessCommon\;C:\Program Files (x86)\NVIDIA Corporation\PhysX\Common;C:\Program Files\Microsoft SQL Server\110\Tools\Binn\;C:\Program Files (x86)\Microsoft SQL Server\110\Tools\Binn\;C:\Program Files\Microsoft SQL Server\110\DTS\Binn\;C:\Program Files (x86)\Microsoft SQL Server\110\Tools\Binn\ManagementStudio\;C:\Program Files (x86)\Microsoft Visual Studio 10.0\Common7\IDE\PrivateAssemblies\;C:\Program Files (x86)\Microsoft SQL Server\110\DTS\Binn\;C:\Program Files\Java\jdk1.6.0_31\bin;C:\Program Files\Java\jdk1.6.0_31\jre\bin;D:\software\nodejs\;C:\Program Files\MySQL\MySQL Utilities 1.6\;D:\software\Git\Git\cmd;C:\WINDOWS\system32;C:\WINDOWS;C:\WINDOWS\System32\Wbem;C:\WINDOWS\System32\WindowsPowerShell\v1.0\;C:\WINDOWS\System32\OpenSSH\;C:\Users\ChangJinpeng\AppData\Local\Microsoft\WindowsApps;C:\Users\ChangJinpeng\AppData\Roaming\npm;C:\Users\ChangJinpeng\AppData\Local\Programs\Fiddler;C:\Users\ChangJinpeng\AppData\Local\Microsoft\WindowsApps
10 verbose lifecycle personal-UI@0.0.1~dev: CWD: E:\NodeJsWorkspace\git\personal-UI
11 silly lifecycle personal-UI@0.0.1~dev: Args: [ '/d /s /c', 'node lib/personal-ui.common.js' ]
12 silly lifecycle personal-UI@0.0.1~dev: Returned: code: 1  signal: null
13 info lifecycle personal-UI@0.0.1~dev: Failed to exec dev script
14 verbose stack Error: personal-UI@0.0.1 dev: `node lib/personal-ui.common.js`
14 verbose stack Exit status 1
14 verbose stack     at EventEmitter.<anonymous> (D:\software\nodejs\node_modules\npm\lib\utils\lifecycle.js:245:16)
14 verbose stack     at emitTwo (events.js:106:13)
14 verbose stack     at EventEmitter.emit (events.js:191:7)
14 verbose stack     at ChildProcess.<anonymous> (D:\software\nodejs\node_modules\npm\lib\utils\spawn.js:24:14)
14 verbose stack     at emitTwo (events.js:106:13)
14 verbose stack     at ChildProcess.emit (events.js:191:7)
14 verbose stack     at maybeClose (internal/child_process.js:850:16)
14 verbose stack     at Process.ChildProcess._handle.onexit (internal/child_process.js:215:5)
15 verbose pkgid personal-UI@0.0.1
16 verbose cwd E:\NodeJsWorkspace\git\personal-UI
17 error Windows_NT 10.0.17134
18 error argv "D:\\software\\nodejs\\node.exe" "D:\\software\\nodejs\\node_modules\\npm\\bin\\npm-cli.js" "run-script" "dev"
19 error node v6.2.0
20 error npm  v3.8.9
21 error code ELIFECYCLE
22 error personal-UI@0.0.1 dev: `node lib/personal-ui.common.js`
22 error Exit status 1
23 error Failed at the personal-UI@0.0.1 dev script 'node lib/personal-ui.common.js'.
23 error Make sure you have the latest version of node.js and npm installed.
23 error If you do, this is most likely a problem with the personal-UI package,
23 error not with npm itself.
23 error Tell the author that this fails on your system:
23 error     node lib/personal-ui.common.js
23 error You can get information on how to open an issue for this project with:
23 error     npm bugs personal-UI
23 error Or if that isn't available, you can get their info via:
23 error     npm owner ls personal-UI
23 error There is likely additional logging output above.
24 verbose exit [ 1, true ]
